<?xml version="1.0" encoding="UTF-8"?>
<!-- Generated by org.testng.reporters.JUnitReportReporter -->
<testsuite hostname="ICS-LT-C96RQ73" failures="0" tests="1" name="NewTest" time="0.008" errors="0" timestamp="2024-02-20T16:33:57 IST" skipped="0">
  <testcase classname="NewTest" name="f" time="0.008"/>
</testsuite> <!-- NewTest -->
