<?xml version="1.0" encoding="UTF-8"?>
<!-- Generated by org.testng.reporters.JUnitReportReporter -->
<testsuite hostname="ICS-LT-C96RQ73" failures="0" tests="1" name="Infinite.TestNG.OrangeHRM" time="0.007" errors="0" timestamp="2024-02-21T16:12:39 IST" skipped="0">
  <testcase classname="Infinite.TestNG.OrangeHRM" name="sampleTestClass" time="0.007"/>
</testsuite> <!-- Infinite.TestNG.OrangeHRM -->
