<?xml version="1.0" encoding="UTF-8"?>
<!-- Generated by org.testng.reporters.JUnitReportReporter -->
<testsuite hostname="ICS-LT-C96RQ73" failures="0" tests="3" name="Infinite.TestNG.CrossBrowserTesting" time="12.141" errors="0" timestamp="2024-02-23T10:00:47 IST" skipped="0">
  <testcase classname="Infinite.TestNG.CrossBrowserTesting" name="googleSearch" time="4.537"/>
  <testcase classname="Infinite.TestNG.CrossBrowserTesting" name="googleSearch" time="3.726"/>
  <testcase classname="Infinite.TestNG.CrossBrowserTesting" name="googleSearch" time="3.878"/>
</testsuite> <!-- Infinite.TestNG.CrossBrowserTesting -->
