<?xml version="1.0" encoding="UTF-8"?>
<!-- Generated by org.testng.reporters.JUnitReportReporter -->
<testsuite hostname="ICS-LT-C96RQ73" failures="0" tests="2" name="Infinite.TestNG.ExampleTestClass" time="0.013" errors="0" timestamp="2024-02-21T16:26:03 IST" skipped="0">
  <testcase classname="Infinite.TestNG.ExampleTestClass" name="testMethod2" time="0.003"/>
  <testcase classname="Infinite.TestNG.ExampleTestClass" name="testMethod1" time="0.010"/>
</testsuite> <!-- Infinite.TestNG.ExampleTestClass -->
