<?xml version="1.0" encoding="UTF-8"?>
<!-- Generated by org.testng.reporters.JUnitReportReporter -->
<testsuite hostname="ICS-LT-C96RQ73" failures="0" tests="4" name="Infinite.TestNG.TestGroupDependency" time="0.019" errors="0" timestamp="2024-02-22T10:02:40 IST" skipped="0">
  <testcase classname="Infinite.TestNG.TestGroupDependency" name="Test2" time="0.001"/>
  <testcase classname="Infinite.TestNG.TestGroupDependency" name="Test3" time="0.002"/>
  <testcase classname="Infinite.TestNG.TestGroupDependency" name="Test1" time="0.015"/>
  <testcase classname="Infinite.TestNG.TestGroupDependency" name="MainTest" time="0.001"/>
</testsuite> <!-- Infinite.TestNG.TestGroupDependency -->
