<?xml version="1.0" encoding="UTF-8"?>
<!-- Generated by org.testng.reporters.JUnitReportReporter -->
<testsuite hostname="ICS-LT-C96RQ73" failures="0" tests="9" name="Infinite.TestNG.testCaseRetry" time="7.749" errors="0" timestamp="2024-02-23T12:42:57 IST" skipped="8">
  <testcase classname="Infinite.TestNG.testCaseRetry" name="Test" time="0.126">
    <skipped/>
  </testcase> <!-- Test -->
  <testcase classname="Infinite.TestNG.testCaseRetry" name="Test" time="0.121">
    <skipped/>
  </testcase> <!-- Test -->
  <testcase classname="Infinite.TestNG.testCaseRetry" name="Test" time="0.125">
    <skipped/>
  </testcase> <!-- Test -->
  <testcase classname="Infinite.TestNG.testCaseRetry" name="Test" time="0.132">
    <skipped/>
  </testcase> <!-- Test -->
  <testcase classname="Infinite.TestNG.testCaseRetry" name="Test" time="0.354">
    <skipped/>
  </testcase> <!-- Test -->
  <testcase classname="Infinite.TestNG.testCaseRetry" name="Test" time="0.125">
    <skipped/>
  </testcase> <!-- Test -->
  <testcase classname="Infinite.TestNG.testCaseRetry" name="Test" time="0.133">
    <skipped/>
  </testcase> <!-- Test -->
  <testcase classname="Infinite.TestNG.testCaseRetry" name="Test" time="0.135">
    <skipped/>
  </testcase> <!-- Test -->
  <testcase classname="Infinite.TestNG.testCaseRetry" name="Test" time="6.498"/>
</testsuite> <!-- Infinite.TestNG.testCaseRetry -->
